<?xml version="1.0" encoding="UTF-8"?>
<!-- Generated by org.testng.reporters.JUnitReportReporter -->
<testsuite hostname="DESKTOP-PNFG6ND" name="com.crm.qa.testcases.LoginPageTest" tests="1" failures="0" timestamp="1 Jan 2020 09:12:59 GMT" time="20.452" errors="0">
  <testcase name="loginTest" time="20.452" classname="com.crm.qa.testcases.LoginPageTest"/>
</testsuite> <!-- com.crm.qa.testcases.LoginPageTest -->
